<?xml version="1.0" encoding="UTF-8"?>
<coverage generated="1561132589625" clover="3.2.0">
  <project timestamp="1561132589625" name="All files">
    <metrics statements="197" coveredstatements="137" conditionals="46" coveredconditionals="16" methods="72" coveredmethods="31" elements="315" coveredelements="184" complexity="0" loc="197" ncloc="197" packages="4" files="15" classes="15"/>
    <package name="components.comments">
      <metrics statements="72" coveredstatements="56" conditionals="14" coveredconditionals="7" methods="32" coveredmethods="15"/>
      <file name="AddComment.js" path="C:\Users\logvinov_fv\WebstormProjects\boilerplate\boilerplate\packages\app\src\components\comments\AddComment.js">
        <metrics statements="8" coveredstatements="8" conditionals="0" coveredconditionals="0" methods="3" coveredmethods="3"/>
        <line num="6" count="11" type="stmt"/>
        <line num="8" count="11" type="stmt"/>
        <line num="10" count="11" type="stmt"/>
        <line num="11" count="2" type="stmt"/>
        <line num="12" count="2" type="stmt"/>
        <line num="14" count="11" type="stmt"/>
        <line num="22" count="1" type="stmt"/>
        <line num="29" count="1" type="stmt"/>
      </file>
      <file name="Comment.js" path="C:\Users\logvinov_fv\WebstormProjects\boilerplate\boilerplate\packages\app\src\components\comments\Comment.js">
        <metrics statements="4" coveredstatements="4" conditionals="5" coveredconditionals="5" methods="1" coveredmethods="1"/>
        <line num="7" count="6" type="stmt"/>
        <line num="10" count="6" type="stmt"/>
        <line num="30" count="1" type="stmt"/>
        <line num="34" count="1" type="stmt"/>
      </file>
      <file name="CommentsList.js" path="C:\Users\logvinov_fv\WebstormProjects\boilerplate\boilerplate\packages\app\src\components\comments\CommentsList.js">
        <metrics statements="6" coveredstatements="6" conditionals="2" coveredconditionals="2" methods="2" coveredmethods="2"/>
        <line num="7" count="5" type="cond" truecount="2" falsecount="0"/>
        <line num="8" count="1" type="stmt"/>
        <line num="11" count="1" type="stmt"/>
        <line num="16" count="4" type="stmt"/>
        <line num="20" count="1" type="stmt"/>
        <line num="24" count="1" type="stmt"/>
      </file>
      <file name="comments-duck.js" path="C:\Users\logvinov_fv\WebstormProjects\boilerplate\boilerplate\packages\app\src\components\comments\comments-duck.js">
        <metrics statements="54" coveredstatements="38" conditionals="7" coveredconditionals="0" methods="26" coveredmethods="9"/>
        <line num="8" count="2" type="stmt"/>
        <line num="9" count="2" type="stmt"/>
        <line num="11" count="2" type="stmt"/>
        <line num="18" count="2" type="stmt"/>
        <line num="19" count="2" type="stmt"/>
        <line num="20" count="2" type="stmt"/>
        <line num="21" count="2" type="stmt"/>
        <line num="22" count="2" type="stmt"/>
        <line num="23" count="2" type="stmt"/>
        <line num="24" count="2" type="stmt"/>
        <line num="25" count="2" type="stmt"/>
        <line num="27" count="2" type="stmt"/>
        <line num="39" count="2" type="stmt"/>
        <line num="41" count="1" type="stmt"/>
        <line num="47" count="1" type="stmt"/>
        <line num="55" count="1" type="stmt"/>
        <line num="63" count="1" type="stmt"/>
        <line num="71" count="2" type="stmt"/>
        <line num="81" count="2" type="stmt"/>
        <line num="82" count="0" type="stmt"/>
        <line num="85" count="0" type="stmt"/>
        <line num="88" count="0" type="stmt"/>
        <line num="91" count="0" type="stmt"/>
        <line num="94" count="0" type="stmt"/>
        <line num="95" count="0" type="stmt"/>
        <line num="97" count="0" type="stmt"/>
        <line num="100" count="0" type="stmt"/>
        <line num="101" count="0" type="stmt"/>
        <line num="107" count="2" type="cond" truecount="0" falsecount="2"/>
        <line num="108" count="2" type="cond" truecount="0" falsecount="2"/>
        <line num="110" count="2" type="stmt"/>
        <line num="112" count="0" type="stmt"/>
        <line num="115" count="2" type="stmt"/>
        <line num="117" count="0" type="stmt"/>
        <line num="120" count="2" type="stmt"/>
        <line num="122" count="0" type="stmt"/>
        <line num="125" count="2" type="stmt"/>
        <line num="127" count="0" type="stmt"/>
        <line num="130" count="2" type="stmt"/>
        <line num="139" count="1" type="stmt"/>
        <line num="140" count="1" type="stmt"/>
        <line num="141" count="1" type="stmt"/>
        <line num="145" count="2" type="stmt"/>
        <line num="147" count="2" type="stmt"/>
        <line num="149" count="0" type="stmt"/>
        <line num="156" count="2" type="stmt"/>
        <line num="157" count="2" type="stmt"/>
        <line num="168" count="2" type="stmt"/>
        <line num="169" count="2" type="stmt"/>
        <line num="170" count="2" type="stmt"/>
        <line num="173" count="2" type="stmt"/>
        <line num="174" count="0" type="stmt"/>
        <line num="177" count="2" type="stmt"/>
        <line num="191" count="0" type="cond" truecount="0" falsecount="1"/>
      </file>
    </package>
    <package name="components.likes">
      <metrics statements="65" coveredstatements="40" conditionals="15" coveredconditionals="8" methods="27" coveredmethods="9"/>
      <file name="Dislike.js" path="C:\Users\logvinov_fv\WebstormProjects\boilerplate\boilerplate\packages\app\src\components\likes\Dislike.js">
        <metrics statements="3" coveredstatements="3" conditionals="0" coveredconditionals="0" methods="1" coveredmethods="1"/>
        <line num="8" count="4" type="stmt"/>
        <line num="15" count="1" type="stmt"/>
        <line num="19" count="1" type="stmt"/>
      </file>
      <file name="Like.js" path="C:\Users\logvinov_fv\WebstormProjects\boilerplate\boilerplate\packages\app\src\components\likes\Like.js">
        <metrics statements="3" coveredstatements="3" conditionals="0" coveredconditionals="0" methods="1" coveredmethods="1"/>
        <line num="8" count="4" type="stmt"/>
        <line num="15" count="1" type="stmt"/>
        <line num="19" count="1" type="stmt"/>
      </file>
      <file name="Likes.js" path="C:\Users\logvinov_fv\WebstormProjects\boilerplate\boilerplate\packages\app\src\components\likes\Likes.js">
        <metrics statements="15" coveredstatements="8" conditionals="8" coveredconditionals="8" methods="8" coveredmethods="3"/>
        <line num="12" count="1" type="stmt"/>
        <line num="13" count="3" type="stmt"/>
        <line num="14" count="0" type="stmt"/>
        <line num="16" count="3" type="stmt"/>
        <line num="17" count="0" type="stmt"/>
        <line num="19" count="3" type="cond" truecount="2" falsecount="0"/>
        <line num="20" count="3" type="cond" truecount="2" falsecount="0"/>
        <line num="21" count="3" type="stmt"/>
        <line num="33" count="0" type="stmt"/>
        <line num="35" count="0" type="stmt"/>
        <line num="36" count="0" type="stmt"/>
        <line num="37" count="0" type="stmt"/>
        <line num="46" count="0" type="stmt"/>
        <line num="49" count="1" type="stmt"/>
        <line num="56" count="1" type="stmt"/>
      </file>
      <file name="LikesAmnt.js" path="C:\Users\logvinov_fv\WebstormProjects\boilerplate\boilerplate\packages\app\src\components\likes\LikesAmnt.js">
        <metrics statements="3" coveredstatements="3" conditionals="0" coveredconditionals="0" methods="1" coveredmethods="1"/>
        <line num="6" count="3" type="stmt"/>
        <line num="13" count="1" type="stmt"/>
        <line num="17" count="1" type="stmt"/>
      </file>
      <file name="likes-duck.js" path="C:\Users\logvinov_fv\WebstormProjects\boilerplate\boilerplate\packages\app\src\components\likes\likes-duck.js">
        <metrics statements="41" coveredstatements="23" conditionals="7" coveredconditionals="0" methods="16" coveredmethods="3"/>
        <line num="8" count="2" type="stmt"/>
        <line num="9" count="2" type="stmt"/>
        <line num="11" count="2" type="stmt"/>
        <line num="16" count="2" type="stmt"/>
        <line num="17" count="2" type="stmt"/>
        <line num="18" count="2" type="stmt"/>
        <line num="19" count="2" type="stmt"/>
        <line num="20" count="2" type="stmt"/>
        <line num="21" count="2" type="stmt"/>
        <line num="23" count="2" type="stmt"/>
        <line num="33" count="2" type="stmt"/>
        <line num="35" count="1" type="stmt"/>
        <line num="41" count="1" type="stmt"/>
        <line num="49" count="2" type="stmt"/>
        <line num="50" count="0" type="stmt"/>
        <line num="53" count="0" type="stmt"/>
        <line num="56" count="0" type="stmt"/>
        <line num="63" count="2" type="cond" truecount="0" falsecount="2"/>
        <line num="64" count="2" type="cond" truecount="0" falsecount="2"/>
        <line num="66" count="2" type="stmt"/>
        <line num="68" count="0" type="stmt"/>
        <line num="71" count="2" type="stmt"/>
        <line num="73" count="0" type="stmt"/>
        <line num="76" count="2" type="stmt"/>
        <line num="85" count="0" type="stmt"/>
        <line num="86" count="0" type="stmt"/>
        <line num="91" count="0" type="stmt"/>
        <line num="92" count="0" type="stmt"/>
        <line num="97" count="0" type="stmt"/>
        <line num="99" count="0" type="stmt"/>
        <line num="101" count="0" type="stmt"/>
        <line num="109" count="1" type="stmt"/>
        <line num="110" count="1" type="stmt"/>
        <line num="121" count="0" type="stmt"/>
        <line num="122" count="0" type="stmt"/>
        <line num="123" count="0" type="stmt"/>
        <line num="124" count="0" type="stmt"/>
        <line num="127" count="2" type="stmt"/>
        <line num="128" count="0" type="stmt"/>
        <line num="130" count="2" type="stmt"/>
        <line num="143" count="0" type="cond" truecount="0" falsecount="1"/>
      </file>
    </package>
    <package name="services">
      <metrics statements="18" coveredstatements="12" conditionals="8" coveredconditionals="0" methods="4" coveredmethods="2"/>
      <file name="comments.js" path="C:\Users\logvinov_fv\WebstormProjects\boilerplate\boilerplate\packages\app\src\services\comments.js">
        <metrics statements="9" coveredstatements="6" conditionals="4" coveredconditionals="0" methods="2" coveredmethods="1"/>
        <line num="3" count="2" type="stmt"/>
        <line num="5" count="2" type="stmt"/>
        <line num="8" count="2" type="stmt"/>
        <line num="10" count="2" type="stmt"/>
        <line num="15" count="2" type="stmt"/>
        <line num="17" count="2" type="stmt"/>
        <line num="30" count="0" type="cond" truecount="0" falsecount="3"/>
        <line num="32" count="0" type="stmt"/>
        <line num="36" count="0" type="stmt"/>
      </file>
      <file name="likes.js" path="C:\Users\logvinov_fv\WebstormProjects\boilerplate\boilerplate\packages\app\src\services\likes.js">
        <metrics statements="9" coveredstatements="6" conditionals="4" coveredconditionals="0" methods="2" coveredmethods="1"/>
        <line num="3" count="2" type="stmt"/>
        <line num="5" count="2" type="stmt"/>
        <line num="8" count="2" type="stmt"/>
        <line num="10" count="2" type="stmt"/>
        <line num="15" count="2" type="stmt"/>
        <line num="17" count="1" type="stmt"/>
        <line num="30" count="0" type="cond" truecount="0" falsecount="3"/>
        <line num="32" count="0" type="stmt"/>
        <line num="36" count="0" type="stmt"/>
      </file>
    </package>
    <package name="utils">
      <metrics statements="42" coveredstatements="29" conditionals="9" coveredconditionals="1" methods="9" coveredmethods="5"/>
      <file name="hashTables.js" path="C:\Users\logvinov_fv\WebstormProjects\boilerplate\boilerplate\packages\app\src\utils\hashTables.js">
        <metrics statements="29" coveredstatements="20" conditionals="4" coveredconditionals="1" methods="3" coveredmethods="2"/>
        <line num="1" count="4" type="stmt"/>
        <line num="2" count="0" type="stmt"/>
        <line num="3" count="0" type="stmt"/>
        <line num="4" count="0" type="stmt"/>
        <line num="5" count="0" type="cond" truecount="0" falsecount="2"/>
        <line num="6" count="0" type="stmt"/>
        <line num="7" count="0" type="stmt"/>
        <line num="9" count="0" type="stmt"/>
        <line num="10" count="0" type="stmt"/>
        <line num="11" count="0" type="stmt"/>
        <line num="15" count="4" type="stmt"/>
        <line num="16" count="1" type="stmt"/>
        <line num="17" count="1" type="stmt"/>
        <line num="18" count="1" type="stmt"/>
        <line num="19" count="1" type="stmt"/>
        <line num="20" count="1" type="stmt"/>
        <line num="21" count="1" type="stmt"/>
        <line num="22" count="1" type="stmt"/>
        <line num="23" count="1" type="stmt"/>
        <line num="24" count="1" type="stmt"/>
        <line num="27" count="4" type="stmt"/>
        <line num="28" count="11" type="stmt"/>
        <line num="29" count="11" type="stmt"/>
        <line num="30" count="11" type="stmt"/>
        <line num="31" count="11" type="cond" truecount="1" falsecount="1"/>
        <line num="32" count="11" type="stmt"/>
        <line num="33" count="11" type="stmt"/>
        <line num="34" count="11" type="stmt"/>
        <line num="37" count="11" type="stmt"/>
      </file>
      <file name="noop.js" path="C:\Users\logvinov_fv\WebstormProjects\boilerplate\boilerplate\packages\app\src\utils\noop.js">
        <metrics statements="1" coveredstatements="1" conditionals="0" coveredconditionals="0" methods="1" coveredmethods="1"/>
        <line num="2" count="1" type="stmt"/>
      </file>
      <file name="serverRequests.js" path="C:\Users\logvinov_fv\WebstormProjects\boilerplate\boilerplate\packages\app\src\utils\serverRequests.js">
        <metrics statements="6" coveredstatements="3" conditionals="4" coveredconditionals="0" methods="4" coveredmethods="1"/>
        <line num="1" count="4" type="cond" truecount="0" falsecount="2"/>
        <line num="3" count="0" type="stmt"/>
        <line num="10" count="0" type="stmt"/>
        <line num="13" count="4" type="cond" truecount="0" falsecount="2"/>
        <line num="15" count="2" type="stmt"/>
        <line num="22" count="0" type="stmt"/>
      </file>
      <file name="testApiCall.js" path="C:\Users\logvinov_fv\WebstormProjects\boilerplate\boilerplate\packages\app\src\utils\testApiCall.js">
        <metrics statements="6" coveredstatements="5" conditionals="1" coveredconditionals="0" methods="1" coveredmethods="1"/>
        <line num="4" count="4" type="stmt"/>
        <line num="5" count="4" type="stmt"/>
        <line num="6" count="4" type="stmt"/>
        <line num="7" count="4" type="stmt"/>
        <line num="9" count="0" type="stmt"/>
        <line num="13" count="4" type="stmt"/>
      </file>
    </package>
  </project>
</coverage>
