{"C:\\Users\\logvinov_fv\\WebstormProjects\\boilerplate\\boilerplate\\packages\\app\\src\\components\\comments\\AddComment.js": {"path":"C:\\Users\\logvinov_fv\\WebstormProjects\\boilerplate\\boilerplate\\packages\\app\\src\\components\\comments\\AddComment.js","statementMap":{"0":{"start":{"line":6,"column":30},"end":{"line":6,"column":48}},"1":{"start":{"line":8,"column":19},"end":{"line":8,"column":56}},"2":{"start":{"line":8,"column":28},"end":{"line":8,"column":56}},"3":{"start":{"line":10,"column":19},"end":{"line":13,"column":3}},"4":{"start":{"line":11,"column":4},"end":{"line":11,"column":26}},"5":{"start":{"line":12,"column":4},"end":{"line":12,"column":47}},"6":{"start":{"line":14,"column":2},"end":{"line":19,"column":3}},"7":{"start":{"line":22,"column":0},"end":{"line":27,"column":1}},"8":{"start":{"line":29,"column":0},"end":{"line":34,"column":1}}},"fnMap":{"0":{"name":"AddComment","decl":{"start":{"line":5,"column":9},"end":{"line":5,"column":19}},"loc":{"start":{"line":5,"column":70},"end":{"line":20,"column":1}},"line":5},"1":{"name":"(anonymous_1)","decl":{"start":{"line":8,"column":19},"end":{"line":8,"column":20}},"loc":{"start":{"line":8,"column":28},"end":{"line":8,"column":56}},"line":8},"2":{"name":"(anonymous_2)","decl":{"start":{"line":10,"column":19},"end":{"line":10,"column":20}},"loc":{"start":{"line":10,"column":28},"end":{"line":13,"column":3}},"line":10}},"branchMap":{},"s":{"0":11,"1":11,"2":2,"3":11,"4":2,"5":2,"6":11,"7":1,"8":1},"f":{"0":11,"1":2,"2":2},"b":{},"_coverageSchema":"43e27e138ebf9cfc5966b082cf9a028302ed4184","hash":"b4c2b5daa2b601c8f99810266b0632069fb0a1fe"}
,"C:\\Users\\logvinov_fv\\WebstormProjects\\boilerplate\\boilerplate\\packages\\app\\src\\components\\comments\\Comment.js": {"path":"C:\\Users\\logvinov_fv\\WebstormProjects\\boilerplate\\boilerplate\\packages\\app\\src\\components\\comments\\Comment.js","statementMap":{"0":{"start":{"line":7,"column":34},"end":{"line":7,"column":47}},"1":{"start":{"line":10,"column":2},"end":{"line":27,"column":3}},"2":{"start":{"line":30,"column":0},"end":{"line":32,"column":1}},"3":{"start":{"line":34,"column":0},"end":{"line":44,"column":1}}},"fnMap":{"0":{"name":"Comment","decl":{"start":{"line":6,"column":9},"end":{"line":6,"column":16}},"loc":{"start":{"line":6,"column":36},"end":{"line":28,"column":1}},"line":6}},"branchMap":{"0":{"loc":{"start":{"line":12,"column":4},"end":{"line":26,"column":5}},"type":"cond-expr","locations":[{"start":{"line":13,"column":6},"end":{"line":21,"column":17}},{"start":{"line":23,"column":6},"end":{"line":25,"column":17}}],"line":12},"1":{"loc":{"start":{"line":12,"column":4},"end":{"line":12,"column":27}},"type":"binary-expr","locations":[{"start":{"line":12,"column":4},"end":{"line":12,"column":8}},{"start":{"line":12,"column":12},"end":{"line":12,"column":19}},{"start":{"line":12,"column":23},"end":{"line":12,"column":27}}],"line":12}},"s":{"0":6,"1":6,"2":1,"3":1},"f":{"0":6},"b":{"0":[5,1],"1":[6,5,5]},"_coverageSchema":"43e27e138ebf9cfc5966b082cf9a028302ed4184","hash":"f88b4bd0d409dd55916b1c7ff46b391d6a8a3c8e"}
,"C:\\Users\\logvinov_fv\\WebstormProjects\\boilerplate\\boilerplate\\packages\\app\\src\\components\\comments\\CommentsList.js": {"path":"C:\\Users\\logvinov_fv\\WebstormProjects\\boilerplate\\boilerplate\\packages\\app\\src\\components\\comments\\CommentsList.js","statementMap":{"0":{"start":{"line":7,"column":2},"end":{"line":17,"column":3}},"1":{"start":{"line":8,"column":4},"end":{"line":14,"column":5}},"2":{"start":{"line":11,"column":10},"end":{"line":11,"column":68}},"3":{"start":{"line":16,"column":4},"end":{"line":16,"column":47}},"4":{"start":{"line":20,"column":0},"end":{"line":22,"column":1}},"5":{"start":{"line":24,"column":0},"end":{"line":26,"column":1}}},"fnMap":{"0":{"name":"CommentsList","decl":{"start":{"line":6,"column":9},"end":{"line":6,"column":21}},"loc":{"start":{"line":6,"column":36},"end":{"line":18,"column":1}},"line":6},"1":{"name":"(anonymous_1)","decl":{"start":{"line":10,"column":22},"end":{"line":10,"column":23}},"loc":{"start":{"line":10,"column":46},"end":{"line":12,"column":9}},"line":10}},"branchMap":{"0":{"loc":{"start":{"line":7,"column":2},"end":{"line":17,"column":3}},"type":"if","locations":[{"start":{"line":7,"column":2},"end":{"line":17,"column":3}},{"start":{"line":7,"column":2},"end":{"line":17,"column":3}}],"line":7}},"s":{"0":5,"1":1,"2":1,"3":4,"4":1,"5":1},"f":{"0":5,"1":1},"b":{"0":[1,4]},"_coverageSchema":"43e27e138ebf9cfc5966b082cf9a028302ed4184","hash":"4c27f1c75929cb2f23fd1d51e84e980f3eb7be41"}
,"C:\\Users\\logvinov_fv\\WebstormProjects\\boilerplate\\boilerplate\\packages\\app\\src\\components\\comments\\comments-duck.js": {"path":"C:\\Users\\logvinov_fv\\WebstormProjects\\boilerplate\\boilerplate\\packages\\app\\src\\components\\comments\\comments-duck.js","statementMap":{"0":{"start":{"line":8,"column":13},"end":{"line":8,"column":31}},"1":{"start":{"line":9,"column":12},"end":{"line":9,"column":31}},"2":{"start":{"line":11,"column":21},"end":{"line":15,"column":1}},"3":{"start":{"line":18,"column":20},"end":{"line":18,"column":41}},"4":{"start":{"line":19,"column":17},"end":{"line":19,"column":35}},"5":{"start":{"line":20,"column":18},"end":{"line":20,"column":37}},"6":{"start":{"line":21,"column":17},"end":{"line":21,"column":35}},"7":{"start":{"line":22,"column":18},"end":{"line":22,"column":37}},"8":{"start":{"line":23,"column":22},"end":{"line":23,"column":45}},"9":{"start":{"line":24,"column":30},"end":{"line":24,"column":61}},"10":{"start":{"line":25,"column":29},"end":{"line":25,"column":59}},"11":{"start":{"line":27,"column":14},"end":{"line":36,"column":1}},"12":{"start":{"line":39,"column":16},"end":{"line":78,"column":1}},"13":{"start":{"line":41,"column":4},"end":{"line":44,"column":5}},"14":{"start":{"line":47,"column":4},"end":{"line":52,"column":5}},"15":{"start":{"line":55,"column":4},"end":{"line":60,"column":5}},"16":{"start":{"line":63,"column":4},"end":{"line":68,"column":5}},"17":{"start":{"line":71,"column":4},"end":{"line":76,"column":5}},"18":{"start":{"line":81,"column":17},"end":{"line":103,"column":1}},"19":{"start":{"line":82,"column":48},"end":{"line":84,"column":3}},"20":{"start":{"line":85,"column":71},"end":{"line":87,"column":3}},"21":{"start":{"line":88,"column":55},"end":{"line":90,"column":3}},"22":{"start":{"line":91,"column":45},"end":{"line":93,"column":3}},"23":{"start":{"line":94,"column":46},"end":{"line":96,"column":3}},"24":{"start":{"line":95,"column":68},"end":{"line":95,"column":87}},"25":{"start":{"line":97,"column":45},"end":{"line":99,"column":3}},"26":{"start":{"line":100,"column":46},"end":{"line":102,"column":3}},"27":{"start":{"line":101,"column":62},"end":{"line":101,"column":81}},"28":{"start":{"line":107,"column":22},"end":{"line":107,"column":58}},"29":{"start":{"line":107,"column":31},"end":{"line":107,"column":58}},"30":{"start":{"line":108,"column":32},"end":{"line":108,"column":74}},"31":{"start":{"line":108,"column":41},"end":{"line":108,"column":74}},"32":{"start":{"line":110,"column":16},"end":{"line":113,"column":1}},"33":{"start":{"line":112,"column":11},"end":{"line":112,"column":24}},"34":{"start":{"line":115,"column":21},"end":{"line":118,"column":1}},"35":{"start":{"line":117,"column":11},"end":{"line":117,"column":16}},"36":{"start":{"line":120,"column":23},"end":{"line":123,"column":1}},"37":{"start":{"line":122,"column":11},"end":{"line":122,"column":31}},"38":{"start":{"line":125,"column":20},"end":{"line":128,"column":1}},"39":{"start":{"line":127,"column":11},"end":{"line":127,"column":28}},"40":{"start":{"line":130,"column":18},"end":{"line":135,"column":1}},"41":{"start":{"line":139,"column":22},"end":{"line":139,"column":52}},"42":{"start":{"line":140,"column":2},"end":{"line":140,"column":48}},"43":{"start":{"line":141,"column":2},"end":{"line":141,"column":67}},"44":{"start":{"line":145,"column":2},"end":{"line":152,"column":3}},"45":{"start":{"line":147,"column":4},"end":{"line":147,"column":39}},"46":{"start":{"line":149,"column":4},"end":{"line":149,"column":45}},"47":{"start":{"line":156,"column":2},"end":{"line":160,"column":3}},"48":{"start":{"line":157,"column":4},"end":{"line":157,"column":45}},"49":{"start":{"line":168,"column":2},"end":{"line":168,"column":72}},"50":{"start":{"line":169,"column":2},"end":{"line":169,"column":61}},"51":{"start":{"line":170,"column":2},"end":{"line":170,"column":58}},"52":{"start":{"line":173,"column":17},"end":{"line":175,"column":1}},"53":{"start":{"line":174,"column":2},"end":{"line":174,"column":32}},"54":{"start":{"line":177,"column":14},"end":{"line":183,"column":1}},"55":{"start":{"line":191,"column":47},"end":{"line":194,"column":5}}},"fnMap":{"0":{"name":"(anonymous_0)","decl":{"start":{"line":40,"column":2},"end":{"line":40,"column":3}},"loc":{"start":{"line":40,"column":46},"end":{"line":45,"column":3}},"line":40},"1":{"name":"(anonymous_1)","decl":{"start":{"line":46,"column":2},"end":{"line":46,"column":3}},"loc":{"start":{"line":46,"column":14},"end":{"line":53,"column":3}},"line":46},"2":{"name":"(anonymous_2)","decl":{"start":{"line":54,"column":2},"end":{"line":54,"column":3}},"loc":{"start":{"line":54,"column":15},"end":{"line":61,"column":3}},"line":54},"3":{"name":"(anonymous_3)","decl":{"start":{"line":62,"column":2},"end":{"line":62,"column":3}},"loc":{"start":{"line":62,"column":17},"end":{"line":69,"column":3}},"line":62},"4":{"name":"(anonymous_4)","decl":{"start":{"line":70,"column":2},"end":{"line":70,"column":3}},"loc":{"start":{"line":70,"column":18},"end":{"line":77,"column":3}},"line":70},"5":{"name":"(anonymous_5)","decl":{"start":{"line":82,"column":41},"end":{"line":82,"column":42}},"loc":{"start":{"line":82,"column":48},"end":{"line":84,"column":3}},"line":82},"6":{"name":"(anonymous_6)","decl":{"start":{"line":85,"column":50},"end":{"line":85,"column":51}},"loc":{"start":{"line":85,"column":71},"end":{"line":87,"column":3}},"line":85},"7":{"name":"(anonymous_7)","decl":{"start":{"line":88,"column":48},"end":{"line":88,"column":49}},"loc":{"start":{"line":88,"column":55},"end":{"line":90,"column":3}},"line":88},"8":{"name":"(anonymous_8)","decl":{"start":{"line":91,"column":20},"end":{"line":91,"column":21}},"loc":{"start":{"line":91,"column":45},"end":{"line":93,"column":3}},"line":91},"9":{"name":"(anonymous_9)","decl":{"start":{"line":94,"column":21},"end":{"line":94,"column":22}},"loc":{"start":{"line":94,"column":46},"end":{"line":96,"column":3}},"line":94},"10":{"name":"(anonymous_10)","decl":{"start":{"line":95,"column":60},"end":{"line":95,"column":61}},"loc":{"start":{"line":95,"column":68},"end":{"line":95,"column":87}},"line":95},"11":{"name":"(anonymous_11)","decl":{"start":{"line":97,"column":20},"end":{"line":97,"column":21}},"loc":{"start":{"line":97,"column":45},"end":{"line":99,"column":3}},"line":97},"12":{"name":"(anonymous_12)","decl":{"start":{"line":100,"column":21},"end":{"line":100,"column":22}},"loc":{"start":{"line":100,"column":46},"end":{"line":102,"column":3}},"line":100},"13":{"name":"(anonymous_13)","decl":{"start":{"line":101,"column":54},"end":{"line":101,"column":55}},"loc":{"start":{"line":101,"column":62},"end":{"line":101,"column":81}},"line":101},"14":{"name":"(anonymous_14)","decl":{"start":{"line":107,"column":22},"end":{"line":107,"column":23}},"loc":{"start":{"line":107,"column":31},"end":{"line":107,"column":58}},"line":107},"15":{"name":"(anonymous_15)","decl":{"start":{"line":108,"column":32},"end":{"line":108,"column":33}},"loc":{"start":{"line":108,"column":41},"end":{"line":108,"column":74}},"line":108},"16":{"name":"(anonymous_16)","decl":{"start":{"line":112,"column":2},"end":{"line":112,"column":3}},"loc":{"start":{"line":112,"column":11},"end":{"line":112,"column":24}},"line":112},"17":{"name":"(anonymous_17)","decl":{"start":{"line":117,"column":2},"end":{"line":117,"column":3}},"loc":{"start":{"line":117,"column":11},"end":{"line":117,"column":16}},"line":117},"18":{"name":"(anonymous_18)","decl":{"start":{"line":122,"column":2},"end":{"line":122,"column":3}},"loc":{"start":{"line":122,"column":11},"end":{"line":122,"column":31}},"line":122},"19":{"name":"(anonymous_19)","decl":{"start":{"line":127,"column":2},"end":{"line":127,"column":3}},"loc":{"start":{"line":127,"column":11},"end":{"line":127,"column":28}},"line":127},"20":{"name":"handleAddCommentToState","decl":{"start":{"line":138,"column":10},"end":{"line":138,"column":33}},"loc":{"start":{"line":138,"column":43},"end":{"line":142,"column":1}},"line":138},"21":{"name":"handleSaveComments","decl":{"start":{"line":144,"column":10},"end":{"line":144,"column":28}},"loc":{"start":{"line":144,"column":35},"end":{"line":153,"column":1}},"line":144},"22":{"name":"loadComments","decl":{"start":{"line":155,"column":10},"end":{"line":155,"column":22}},"loc":{"start":{"line":155,"column":25},"end":{"line":161,"column":1}},"line":155},"23":{"name":"watchIncrements","decl":{"start":{"line":164,"column":10},"end":{"line":164,"column":25}},"loc":{"start":{"line":164,"column":28},"end":{"line":171,"column":1}},"line":164},"24":{"name":"(anonymous_24)","decl":{"start":{"line":173,"column":17},"end":{"line":173,"column":18}},"loc":{"start":{"line":173,"column":29},"end":{"line":175,"column":1}},"line":173},"25":{"name":"(anonymous_25)","decl":{"start":{"line":191,"column":12},"end":{"line":191,"column":13}},"loc":{"start":{"line":191,"column":47},"end":{"line":194,"column":5}},"line":191}},"branchMap":{"0":{"loc":{"start":{"line":107,"column":31},"end":{"line":107,"column":58}},"type":"binary-expr","locations":[{"start":{"line":107,"column":31},"end":{"line":107,"column":42}},{"start":{"line":107,"column":46},"end":{"line":107,"column":58}}],"line":107},"1":{"loc":{"start":{"line":108,"column":41},"end":{"line":108,"column":74}},"type":"binary-expr","locations":[{"start":{"line":108,"column":41},"end":{"line":108,"column":68}},{"start":{"line":108,"column":72},"end":{"line":108,"column":74}}],"line":108},"2":{"loc":{"start":{"line":191,"column":13},"end":{"line":191,"column":33}},"type":"default-arg","locations":[{"start":{"line":191,"column":21},"end":{"line":191,"column":33}}],"line":191},"3":{"loc":{"start":{"line":193,"column":10},"end":{"line":193,"column":71}},"type":"binary-expr","locations":[{"start":{"line":193,"column":10},"end":{"line":193,"column":31}},{"start":{"line":193,"column":35},"end":{"line":193,"column":71}}],"line":193}},"s":{"0":2,"1":2,"2":2,"3":2,"4":2,"5":2,"6":2,"7":2,"8":2,"9":2,"10":2,"11":2,"12":2,"13":1,"14":1,"15":1,"16":1,"17":2,"18":2,"19":0,"20":0,"21":0,"22":0,"23":0,"24":0,"25":0,"26":0,"27":0,"28":2,"29":0,"30":2,"31":0,"32":2,"33":0,"34":2,"35":0,"36":2,"37":0,"38":2,"39":0,"40":2,"41":1,"42":1,"43":1,"44":2,"45":2,"46":0,"47":2,"48":2,"49":2,"50":2,"51":2,"52":2,"53":0,"54":2,"55":0},"f":{"0":1,"1":1,"2":1,"3":1,"4":2,"5":0,"6":0,"7":0,"8":0,"9":0,"10":0,"11":0,"12":0,"13":0,"14":0,"15":0,"16":0,"17":0,"18":0,"19":0,"20":1,"21":2,"22":2,"23":2,"24":0,"25":0},"b":{"0":[0,0],"1":[0,0],"2":[0],"3":[0,0]},"_coverageSchema":"43e27e138ebf9cfc5966b082cf9a028302ed4184","hash":"4e00e6e87a03372fec12466bfdb0c75fe9912958"}
,"C:\\Users\\logvinov_fv\\WebstormProjects\\boilerplate\\boilerplate\\packages\\app\\src\\components\\likes\\Dislike.js": {"path":"C:\\Users\\logvinov_fv\\WebstormProjects\\boilerplate\\boilerplate\\packages\\app\\src\\components\\likes\\Dislike.js","statementMap":{"0":{"start":{"line":8,"column":2},"end":{"line":12,"column":3}},"1":{"start":{"line":15,"column":0},"end":{"line":17,"column":1}},"2":{"start":{"line":19,"column":0},"end":{"line":21,"column":1}}},"fnMap":{"0":{"name":"Dislike","decl":{"start":{"line":7,"column":9},"end":{"line":7,"column":16}},"loc":{"start":{"line":7,"column":30},"end":{"line":13,"column":1}},"line":7}},"branchMap":{},"s":{"0":4,"1":1,"2":1},"f":{"0":4},"b":{},"_coverageSchema":"43e27e138ebf9cfc5966b082cf9a028302ed4184","hash":"ccf211d77ddca9723d8e9a97747ecb11fe4c87a0"}
,"C:\\Users\\logvinov_fv\\WebstormProjects\\boilerplate\\boilerplate\\packages\\app\\src\\components\\likes\\Like.js": {"path":"C:\\Users\\logvinov_fv\\WebstormProjects\\boilerplate\\boilerplate\\packages\\app\\src\\components\\likes\\Like.js","statementMap":{"0":{"start":{"line":8,"column":2},"end":{"line":12,"column":3}},"1":{"start":{"line":15,"column":0},"end":{"line":17,"column":1}},"2":{"start":{"line":19,"column":0},"end":{"line":21,"column":1}}},"fnMap":{"0":{"name":"Like","decl":{"start":{"line":7,"column":9},"end":{"line":7,"column":13}},"loc":{"start":{"line":7,"column":27},"end":{"line":13,"column":1}},"line":7}},"branchMap":{},"s":{"0":4,"1":1,"2":1},"f":{"0":4},"b":{},"_coverageSchema":"43e27e138ebf9cfc5966b082cf9a028302ed4184","hash":"1d83e9e12e50fa57df09ea116aaf641f72120955"}
,"C:\\Users\\logvinov_fv\\WebstormProjects\\boilerplate\\boilerplate\\packages\\app\\src\\components\\likes\\Likes.js": {"path":"C:\\Users\\logvinov_fv\\WebstormProjects\\boilerplate\\boilerplate\\packages\\app\\src\\components\\likes\\Likes.js","statementMap":{"0":{"start":{"line":12,"column":33},"end":{"line":30,"column":1}},"1":{"start":{"line":13,"column":23},"end":{"line":15,"column":3}},"2":{"start":{"line":13,"column":43},"end":{"line":15,"column":3}},"3":{"start":{"line":14,"column":4},"end":{"line":14,"column":24}},"4":{"start":{"line":16,"column":26},"end":{"line":18,"column":3}},"5":{"start":{"line":16,"column":46},"end":{"line":18,"column":3}},"6":{"start":{"line":17,"column":4},"end":{"line":17,"column":26}},"7":{"start":{"line":19,"column":25},"end":{"line":19,"column":40}},"8":{"start":{"line":20,"column":20},"end":{"line":20,"column":47}},"9":{"start":{"line":21,"column":2},"end":{"line":29,"column":3}},"10":{"start":{"line":33,"column":20},"end":{"line":33,"column":57}},"11":{"start":{"line":35,"column":19},"end":{"line":35,"column":32}},"12":{"start":{"line":36,"column":15},"end":{"line":36,"column":68}},"13":{"start":{"line":36,"column":30},"end":{"line":36,"column":68}},"14":{"start":{"line":37,"column":17},"end":{"line":37,"column":72}},"15":{"start":{"line":37,"column":32},"end":{"line":37,"column":72}},"16":{"start":{"line":46,"column":2},"end":{"line":46,"column":96}},"17":{"start":{"line":49,"column":0},"end":{"line":54,"column":1}},"18":{"start":{"line":56,"column":0},"end":{"line":61,"column":1}}},"fnMap":{"0":{"name":"(anonymous_0)","decl":{"start":{"line":12,"column":33},"end":{"line":12,"column":34}},"loc":{"start":{"line":12,"column":74},"end":{"line":30,"column":1}},"line":12},"1":{"name":"(anonymous_1)","decl":{"start":{"line":13,"column":23},"end":{"line":13,"column":24}},"loc":{"start":{"line":13,"column":43},"end":{"line":15,"column":3}},"line":13},"2":{"name":"(anonymous_2)","decl":{"start":{"line":13,"column":43},"end":{"line":13,"column":44}},"loc":{"start":{"line":13,"column":49},"end":{"line":15,"column":3}},"line":13},"3":{"name":"(anonymous_3)","decl":{"start":{"line":16,"column":26},"end":{"line":16,"column":27}},"loc":{"start":{"line":16,"column":46},"end":{"line":18,"column":3}},"line":16},"4":{"name":"(anonymous_4)","decl":{"start":{"line":16,"column":46},"end":{"line":16,"column":47}},"loc":{"start":{"line":16,"column":52},"end":{"line":18,"column":3}},"line":16},"5":{"name":"Likes","decl":{"start":{"line":32,"column":9},"end":{"line":32,"column":14}},"loc":{"start":{"line":32,"column":27},"end":{"line":47,"column":1}},"line":32},"6":{"name":"(anonymous_6)","decl":{"start":{"line":36,"column":15},"end":{"line":36,"column":16}},"loc":{"start":{"line":36,"column":30},"end":{"line":36,"column":68}},"line":36},"7":{"name":"(anonymous_7)","decl":{"start":{"line":37,"column":17},"end":{"line":37,"column":18}},"loc":{"start":{"line":37,"column":32},"end":{"line":37,"column":72}},"line":37}},"branchMap":{"0":{"loc":{"start":{"line":19,"column":25},"end":{"line":19,"column":40}},"type":"binary-expr","locations":[{"start":{"line":19,"column":25},"end":{"line":19,"column":34}},{"start":{"line":19,"column":38},"end":{"line":19,"column":40}}],"line":19},"1":{"loc":{"start":{"line":20,"column":20},"end":{"line":20,"column":47}},"type":"binary-expr","locations":[{"start":{"line":20,"column":20},"end":{"line":20,"column":42}},{"start":{"line":20,"column":46},"end":{"line":20,"column":47}}],"line":20},"2":{"loc":{"start":{"line":24,"column":36},"end":{"line":24,"column":51}},"type":"binary-expr","locations":[{"start":{"line":24,"column":36},"end":{"line":24,"column":45}},{"start":{"line":24,"column":49},"end":{"line":24,"column":51}}],"line":24},"3":{"loc":{"start":{"line":25,"column":42},"end":{"line":25,"column":57}},"type":"binary-expr","locations":[{"start":{"line":25,"column":42},"end":{"line":25,"column":51}},{"start":{"line":25,"column":55},"end":{"line":25,"column":57}}],"line":25}},"s":{"0":1,"1":3,"2":3,"3":0,"4":3,"5":3,"6":0,"7":3,"8":3,"9":3,"10":0,"11":0,"12":0,"13":0,"14":0,"15":0,"16":0,"17":1,"18":1},"f":{"0":3,"1":3,"2":0,"3":3,"4":0,"5":0,"6":0,"7":0},"b":{"0":[3,3],"1":[3,3],"2":[3,3],"3":[3,3]},"_coverageSchema":"43e27e138ebf9cfc5966b082cf9a028302ed4184","hash":"738ded28c7f80b0bf7f019305cbb30f938aafc53"}
,"C:\\Users\\logvinov_fv\\WebstormProjects\\boilerplate\\boilerplate\\packages\\app\\src\\components\\likes\\LikesAmnt.js": {"path":"C:\\Users\\logvinov_fv\\WebstormProjects\\boilerplate\\boilerplate\\packages\\app\\src\\components\\likes\\LikesAmnt.js","statementMap":{"0":{"start":{"line":6,"column":2},"end":{"line":10,"column":3}},"1":{"start":{"line":13,"column":0},"end":{"line":15,"column":1}},"2":{"start":{"line":17,"column":0},"end":{"line":19,"column":1}}},"fnMap":{"0":{"name":"LikesAmnt","decl":{"start":{"line":5,"column":9},"end":{"line":5,"column":18}},"loc":{"start":{"line":5,"column":34},"end":{"line":11,"column":1}},"line":5}},"branchMap":{},"s":{"0":3,"1":1,"2":1},"f":{"0":3},"b":{},"_coverageSchema":"43e27e138ebf9cfc5966b082cf9a028302ed4184","hash":"84b865a5c8ff2c747a293974433cadcfda046f95"}
,"C:\\Users\\logvinov_fv\\WebstormProjects\\boilerplate\\boilerplate\\packages\\app\\src\\components\\likes\\likes-duck.js": {"path":"C:\\Users\\logvinov_fv\\WebstormProjects\\boilerplate\\boilerplate\\packages\\app\\src\\components\\likes\\likes-duck.js","statementMap":{"0":{"start":{"line":8,"column":13},"end":{"line":8,"column":28}},"1":{"start":{"line":9,"column":12},"end":{"line":9,"column":28}},"2":{"start":{"line":11,"column":21},"end":{"line":13,"column":1}},"3":{"start":{"line":16,"column":13},"end":{"line":16,"column":27}},"4":{"start":{"line":17,"column":15},"end":{"line":17,"column":31}},"5":{"start":{"line":18,"column":19},"end":{"line":18,"column":39}},"6":{"start":{"line":19,"column":27},"end":{"line":19,"column":55}},"7":{"start":{"line":20,"column":26},"end":{"line":20,"column":53}},"8":{"start":{"line":21,"column":19},"end":{"line":21,"column":39}},"9":{"start":{"line":23,"column":14},"end":{"line":30,"column":1}},"10":{"start":{"line":33,"column":16},"end":{"line":46,"column":1}},"11":{"start":{"line":35,"column":4},"end":{"line":38,"column":5}},"12":{"start":{"line":41,"column":4},"end":{"line":44,"column":5}},"13":{"start":{"line":49,"column":17},"end":{"line":59,"column":1}},"14":{"start":{"line":50,"column":42},"end":{"line":52,"column":3}},"15":{"start":{"line":53,"column":65},"end":{"line":55,"column":3}},"16":{"start":{"line":56,"column":49},"end":{"line":58,"column":3}},"17":{"start":{"line":63,"column":22},"end":{"line":63,"column":58}},"18":{"start":{"line":63,"column":31},"end":{"line":63,"column":58}},"19":{"start":{"line":64,"column":29},"end":{"line":64,"column":68}},"20":{"start":{"line":64,"column":38},"end":{"line":64,"column":68}},"21":{"start":{"line":66,"column":16},"end":{"line":69,"column":1}},"22":{"start":{"line":68,"column":11},"end":{"line":68,"column":24}},"23":{"start":{"line":71,"column":18},"end":{"line":74,"column":1}},"24":{"start":{"line":73,"column":11},"end":{"line":73,"column":16}},"25":{"start":{"line":76,"column":18},"end":{"line":79,"column":1}},"26":{"start":{"line":85,"column":19},"end":{"line":85,"column":55}},"27":{"start":{"line":86,"column":2},"end":{"line":86,"column":52}},"28":{"start":{"line":91,"column":19},"end":{"line":91,"column":56}},"29":{"start":{"line":92,"column":2},"end":{"line":92,"column":52}},"30":{"start":{"line":97,"column":2},"end":{"line":105,"column":3}},"31":{"start":{"line":99,"column":4},"end":{"line":99,"column":44}},"32":{"start":{"line":101,"column":4},"end":{"line":101,"column":42}},"33":{"start":{"line":109,"column":2},"end":{"line":113,"column":3}},"34":{"start":{"line":110,"column":4},"end":{"line":110,"column":42}},"35":{"start":{"line":121,"column":2},"end":{"line":121,"column":69}},"36":{"start":{"line":122,"column":2},"end":{"line":122,"column":46}},"37":{"start":{"line":123,"column":2},"end":{"line":123,"column":48}},"38":{"start":{"line":124,"column":2},"end":{"line":124,"column":47}},"39":{"start":{"line":127,"column":17},"end":{"line":129,"column":1}},"40":{"start":{"line":128,"column":2},"end":{"line":128,"column":32}},"41":{"start":{"line":130,"column":14},"end":{"line":136,"column":1}},"42":{"start":{"line":143,"column":47},"end":{"line":146,"column":5}}},"fnMap":{"0":{"name":"(anonymous_0)","decl":{"start":{"line":34,"column":2},"end":{"line":34,"column":3}},"loc":{"start":{"line":34,"column":18},"end":{"line":39,"column":3}},"line":34},"1":{"name":"(anonymous_1)","decl":{"start":{"line":40,"column":2},"end":{"line":40,"column":3}},"loc":{"start":{"line":40,"column":20},"end":{"line":45,"column":3}},"line":40},"2":{"name":"(anonymous_2)","decl":{"start":{"line":50,"column":35},"end":{"line":50,"column":36}},"loc":{"start":{"line":50,"column":42},"end":{"line":52,"column":3}},"line":50},"3":{"name":"(anonymous_3)","decl":{"start":{"line":53,"column":44},"end":{"line":53,"column":45}},"loc":{"start":{"line":53,"column":65},"end":{"line":55,"column":3}},"line":53},"4":{"name":"(anonymous_4)","decl":{"start":{"line":56,"column":42},"end":{"line":56,"column":43}},"loc":{"start":{"line":56,"column":49},"end":{"line":58,"column":3}},"line":56},"5":{"name":"(anonymous_5)","decl":{"start":{"line":63,"column":22},"end":{"line":63,"column":23}},"loc":{"start":{"line":63,"column":31},"end":{"line":63,"column":58}},"line":63},"6":{"name":"(anonymous_6)","decl":{"start":{"line":64,"column":29},"end":{"line":64,"column":30}},"loc":{"start":{"line":64,"column":38},"end":{"line":64,"column":68}},"line":64},"7":{"name":"(anonymous_7)","decl":{"start":{"line":68,"column":2},"end":{"line":68,"column":3}},"loc":{"start":{"line":68,"column":11},"end":{"line":68,"column":24}},"line":68},"8":{"name":"(anonymous_8)","decl":{"start":{"line":73,"column":2},"end":{"line":73,"column":3}},"loc":{"start":{"line":73,"column":11},"end":{"line":73,"column":16}},"line":73},"9":{"name":"handleIncrement","decl":{"start":{"line":84,"column":10},"end":{"line":84,"column":25}},"loc":{"start":{"line":84,"column":33},"end":{"line":87,"column":1}},"line":84},"10":{"name":"handleDecrement","decl":{"start":{"line":90,"column":10},"end":{"line":90,"column":25}},"loc":{"start":{"line":90,"column":33},"end":{"line":93,"column":1}},"line":90},"11":{"name":"handleSave","decl":{"start":{"line":96,"column":10},"end":{"line":96,"column":20}},"loc":{"start":{"line":96,"column":28},"end":{"line":106,"column":1}},"line":96},"12":{"name":"loadLikes","decl":{"start":{"line":108,"column":10},"end":{"line":108,"column":19}},"loc":{"start":{"line":108,"column":22},"end":{"line":114,"column":1}},"line":108},"13":{"name":"watchIncrements","decl":{"start":{"line":117,"column":10},"end":{"line":117,"column":25}},"loc":{"start":{"line":117,"column":28},"end":{"line":125,"column":1}},"line":117},"14":{"name":"(anonymous_14)","decl":{"start":{"line":127,"column":17},"end":{"line":127,"column":18}},"loc":{"start":{"line":127,"column":29},"end":{"line":129,"column":1}},"line":127},"15":{"name":"(anonymous_15)","decl":{"start":{"line":143,"column":12},"end":{"line":143,"column":13}},"loc":{"start":{"line":143,"column":47},"end":{"line":146,"column":5}},"line":143}},"branchMap":{"0":{"loc":{"start":{"line":63,"column":31},"end":{"line":63,"column":58}},"type":"binary-expr","locations":[{"start":{"line":63,"column":31},"end":{"line":63,"column":42}},{"start":{"line":63,"column":46},"end":{"line":63,"column":58}}],"line":63},"1":{"loc":{"start":{"line":64,"column":38},"end":{"line":64,"column":68}},"type":"binary-expr","locations":[{"start":{"line":64,"column":38},"end":{"line":64,"column":62}},{"start":{"line":64,"column":66},"end":{"line":64,"column":68}}],"line":64},"2":{"loc":{"start":{"line":143,"column":13},"end":{"line":143,"column":33}},"type":"default-arg","locations":[{"start":{"line":143,"column":21},"end":{"line":143,"column":33}}],"line":143},"3":{"loc":{"start":{"line":145,"column":10},"end":{"line":145,"column":71}},"type":"binary-expr","locations":[{"start":{"line":145,"column":10},"end":{"line":145,"column":31}},{"start":{"line":145,"column":35},"end":{"line":145,"column":71}}],"line":145}},"s":{"0":2,"1":2,"2":2,"3":2,"4":2,"5":2,"6":2,"7":2,"8":2,"9":2,"10":2,"11":1,"12":1,"13":2,"14":0,"15":0,"16":0,"17":2,"18":0,"19":2,"20":0,"21":2,"22":0,"23":2,"24":0,"25":2,"26":0,"27":0,"28":0,"29":0,"30":0,"31":0,"32":0,"33":1,"34":1,"35":0,"36":0,"37":0,"38":0,"39":2,"40":0,"41":2,"42":0},"f":{"0":1,"1":1,"2":0,"3":0,"4":0,"5":0,"6":0,"7":0,"8":0,"9":0,"10":0,"11":0,"12":1,"13":0,"14":0,"15":0},"b":{"0":[0,0],"1":[0,0],"2":[0],"3":[0,0]},"_coverageSchema":"43e27e138ebf9cfc5966b082cf9a028302ed4184","hash":"3ba57fd77a843e2b14d13d584fb4e48522cc1bc1"}
,"C:\\Users\\logvinov_fv\\WebstormProjects\\boilerplate\\boilerplate\\packages\\app\\src\\services\\comments.js": {"path":"C:\\Users\\logvinov_fv\\WebstormProjects\\boilerplate\\boilerplate\\packages\\app\\src\\services\\comments.js","statementMap":{"0":{"start":{"line":3,"column":13},"end":{"line":3,"column":27}},"1":{"start":{"line":5,"column":12},"end":{"line":5,"column":44}},"2":{"start":{"line":8,"column":22},"end":{"line":8,"column":45}},"3":{"start":{"line":10,"column":14},"end":{"line":12,"column":1}},"4":{"start":{"line":15,"column":16},"end":{"line":26,"column":1}},"5":{"start":{"line":17,"column":4},"end":{"line":24,"column":5}},"6":{"start":{"line":30,"column":2},"end":{"line":37,"column":3}},"7":{"start":{"line":32,"column":6},"end":{"line":32,"column":25}},"8":{"start":{"line":36,"column":6},"end":{"line":36,"column":25}}},"fnMap":{"0":{"name":"(anonymous_0)","decl":{"start":{"line":16,"column":2},"end":{"line":16,"column":3}},"loc":{"start":{"line":16,"column":9},"end":{"line":25,"column":3}},"line":16},"1":{"name":"reducer","decl":{"start":{"line":29,"column":24},"end":{"line":29,"column":31}},"loc":{"start":{"line":29,"column":70},"end":{"line":38,"column":1}},"line":29}},"branchMap":{"0":{"loc":{"start":{"line":29,"column":32},"end":{"line":29,"column":49}},"type":"default-arg","locations":[{"start":{"line":29,"column":47},"end":{"line":29,"column":49}}],"line":29},"1":{"loc":{"start":{"line":30,"column":2},"end":{"line":37,"column":3}},"type":"switch","locations":[{"start":{"line":31,"column":4},"end":{"line":32,"column":25}},{"start":{"line":34,"column":4},"end":{"line":34,"column":30}},{"start":{"line":35,"column":4},"end":{"line":36,"column":25}}],"line":30}},"s":{"0":2,"1":2,"2":2,"3":2,"4":2,"5":2,"6":0,"7":0,"8":0},"f":{"0":2,"1":0},"b":{"0":[0],"1":[0,0,0]},"_coverageSchema":"43e27e138ebf9cfc5966b082cf9a028302ed4184","hash":"e95d454996bd8d0c2c9ebd7f90830599e4e8fe80"}
,"C:\\Users\\logvinov_fv\\WebstormProjects\\boilerplate\\boilerplate\\packages\\app\\src\\services\\likes.js": {"path":"C:\\Users\\logvinov_fv\\WebstormProjects\\boilerplate\\boilerplate\\packages\\app\\src\\services\\likes.js","statementMap":{"0":{"start":{"line":3,"column":13},"end":{"line":3,"column":24}},"1":{"start":{"line":5,"column":12},"end":{"line":5,"column":41}},"2":{"start":{"line":8,"column":19},"end":{"line":8,"column":39}},"3":{"start":{"line":10,"column":14},"end":{"line":12,"column":1}},"4":{"start":{"line":15,"column":16},"end":{"line":26,"column":1}},"5":{"start":{"line":17,"column":4},"end":{"line":24,"column":5}},"6":{"start":{"line":30,"column":2},"end":{"line":37,"column":3}},"7":{"start":{"line":32,"column":6},"end":{"line":32,"column":25}},"8":{"start":{"line":36,"column":6},"end":{"line":36,"column":18}}},"fnMap":{"0":{"name":"(anonymous_0)","decl":{"start":{"line":16,"column":2},"end":{"line":16,"column":3}},"loc":{"start":{"line":16,"column":9},"end":{"line":25,"column":3}},"line":16},"1":{"name":"reducer","decl":{"start":{"line":29,"column":24},"end":{"line":29,"column":31}},"loc":{"start":{"line":29,"column":63},"end":{"line":38,"column":1}},"line":29}},"branchMap":{"0":{"loc":{"start":{"line":29,"column":32},"end":{"line":29,"column":42}},"type":"default-arg","locations":[{"start":{"line":29,"column":40},"end":{"line":29,"column":42}}],"line":29},"1":{"loc":{"start":{"line":30,"column":2},"end":{"line":37,"column":3}},"type":"switch","locations":[{"start":{"line":31,"column":4},"end":{"line":32,"column":25}},{"start":{"line":34,"column":4},"end":{"line":34,"column":27}},{"start":{"line":35,"column":4},"end":{"line":36,"column":18}}],"line":30}},"s":{"0":2,"1":2,"2":2,"3":2,"4":2,"5":1,"6":0,"7":0,"8":0},"f":{"0":1,"1":0},"b":{"0":[0],"1":[0,0,0]},"_coverageSchema":"43e27e138ebf9cfc5966b082cf9a028302ed4184","hash":"2ec5ba66f580daadc504817a9f1171b0ea22b60b"}
,"C:\\Users\\logvinov_fv\\WebstormProjects\\boilerplate\\boilerplate\\packages\\app\\src\\utils\\hashTables.js": {"path":"C:\\Users\\logvinov_fv\\WebstormProjects\\boilerplate\\boilerplate\\packages\\app\\src\\utils\\hashTables.js","statementMap":{"0":{"start":{"line":1,"column":30},"end":{"line":13,"column":1}},"1":{"start":{"line":2,"column":2},"end":{"line":2,"column":79}},"2":{"start":{"line":3,"column":13},"end":{"line":3,"column":41}},"3":{"start":{"line":4,"column":20},"end":{"line":4,"column":58}},"4":{"start":{"line":5,"column":2},"end":{"line":12,"column":3}},"5":{"start":{"line":6,"column":4},"end":{"line":6,"column":27}},"6":{"start":{"line":7,"column":4},"end":{"line":7,"column":22}},"7":{"start":{"line":9,"column":14},"end":{"line":9,"column":29}},"8":{"start":{"line":10,"column":4},"end":{"line":10,"column":33}},"9":{"start":{"line":11,"column":4},"end":{"line":11,"column":22}},"10":{"start":{"line":15,"column":25},"end":{"line":25,"column":1}},"11":{"start":{"line":16,"column":14},"end":{"line":16,"column":16}},"12":{"start":{"line":17,"column":16},"end":{"line":17,"column":35}},"13":{"start":{"line":18,"column":11},"end":{"line":18,"column":28}},"14":{"start":{"line":19,"column":14},"end":{"line":19,"column":34}},"15":{"start":{"line":20,"column":15},"end":{"line":20,"column":36}},"16":{"start":{"line":21,"column":15},"end":{"line":21,"column":25}},"17":{"start":{"line":22,"column":18},"end":{"line":22,"column":50}},"18":{"start":{"line":23,"column":2},"end":{"line":23,"column":85}},"19":{"start":{"line":24,"column":2},"end":{"line":24,"column":23}},"20":{"start":{"line":27,"column":24},"end":{"line":38,"column":1}},"21":{"start":{"line":28,"column":14},"end":{"line":28,"column":16}},"22":{"start":{"line":29,"column":16},"end":{"line":29,"column":18}},"23":{"start":{"line":30,"column":2},"end":{"line":36,"column":3}},"24":{"start":{"line":31,"column":4},"end":{"line":35,"column":5}},"25":{"start":{"line":32,"column":6},"end":{"line":32,"column":29}},"26":{"start":{"line":33,"column":6},"end":{"line":33,"column":21}},"27":{"start":{"line":34,"column":6},"end":{"line":34,"column":11}},"28":{"start":{"line":37,"column":2},"end":{"line":37,"column":27}}},"fnMap":{"0":{"name":"(anonymous_0)","decl":{"start":{"line":1,"column":30},"end":{"line":1,"column":31}},"loc":{"start":{"line":1,"column":60},"end":{"line":13,"column":1}},"line":1},"1":{"name":"(anonymous_1)","decl":{"start":{"line":15,"column":25},"end":{"line":15,"column":26}},"loc":{"start":{"line":15,"column":33},"end":{"line":25,"column":1}},"line":15},"2":{"name":"(anonymous_2)","decl":{"start":{"line":27,"column":24},"end":{"line":27,"column":25}},"loc":{"start":{"line":27,"column":38},"end":{"line":38,"column":1}},"line":27}},"branchMap":{"0":{"loc":{"start":{"line":5,"column":2},"end":{"line":12,"column":3}},"type":"if","locations":[{"start":{"line":5,"column":2},"end":{"line":12,"column":3}},{"start":{"line":5,"column":2},"end":{"line":12,"column":3}}],"line":5},"1":{"loc":{"start":{"line":31,"column":4},"end":{"line":35,"column":5}},"type":"if","locations":[{"start":{"line":31,"column":4},"end":{"line":35,"column":5}},{"start":{"line":31,"column":4},"end":{"line":35,"column":5}}],"line":31}},"s":{"0":4,"1":0,"2":0,"3":0,"4":0,"5":0,"6":0,"7":0,"8":0,"9":0,"10":4,"11":1,"12":1,"13":1,"14":1,"15":1,"16":1,"17":1,"18":1,"19":1,"20":4,"21":11,"22":11,"23":11,"24":11,"25":11,"26":11,"27":11,"28":11},"f":{"0":0,"1":1,"2":11},"b":{"0":[0,0],"1":[11,0]},"_coverageSchema":"43e27e138ebf9cfc5966b082cf9a028302ed4184","hash":"eda83cf3bcb646e602c3aa078588d3820a67fabf"}
,"C:\\Users\\logvinov_fv\\WebstormProjects\\boilerplate\\boilerplate\\packages\\app\\src\\utils\\noop.js": {"path":"C:\\Users\\logvinov_fv\\WebstormProjects\\boilerplate\\boilerplate\\packages\\app\\src\\utils\\noop.js","statementMap":{"0":{"start":{"line":2,"column":2},"end":{"line":2,"column":13}}},"fnMap":{"0":{"name":"(anonymous_0)","decl":{"start":{"line":1,"column":15},"end":{"line":1,"column":16}},"loc":{"start":{"line":1,"column":26},"end":{"line":3,"column":1}},"line":1}},"branchMap":{},"s":{"0":1},"f":{"0":1},"b":{},"_coverageSchema":"43e27e138ebf9cfc5966b082cf9a028302ed4184","hash":"99f0f54f4ae0489de014b897d5d09e31bf5198d5"}
,"C:\\Users\\logvinov_fv\\WebstormProjects\\boilerplate\\boilerplate\\packages\\app\\src\\utils\\serverRequests.js": {"path":"C:\\Users\\logvinov_fv\\WebstormProjects\\boilerplate\\boilerplate\\packages\\app\\src\\utils\\serverRequests.js","statementMap":{"0":{"start":{"line":1,"column":24},"end":{"line":11,"column":1}},"1":{"start":{"line":3,"column":2},"end":{"line":10,"column":38}},"2":{"start":{"line":10,"column":22},"end":{"line":10,"column":37}},"3":{"start":{"line":13,"column":28},"end":{"line":23,"column":1}},"4":{"start":{"line":15,"column":2},"end":{"line":22,"column":38}},"5":{"start":{"line":22,"column":22},"end":{"line":22,"column":37}}},"fnMap":{"0":{"name":"(anonymous_0)","decl":{"start":{"line":1,"column":24},"end":{"line":1,"column":25}},"loc":{"start":{"line":1,"column":49},"end":{"line":11,"column":1}},"line":1},"1":{"name":"(anonymous_1)","decl":{"start":{"line":10,"column":10},"end":{"line":10,"column":11}},"loc":{"start":{"line":10,"column":22},"end":{"line":10,"column":37}},"line":10},"2":{"name":"(anonymous_2)","decl":{"start":{"line":13,"column":28},"end":{"line":13,"column":29}},"loc":{"start":{"line":13,"column":53},"end":{"line":23,"column":1}},"line":13},"3":{"name":"(anonymous_3)","decl":{"start":{"line":22,"column":10},"end":{"line":22,"column":11}},"loc":{"start":{"line":22,"column":22},"end":{"line":22,"column":37}},"line":22}},"branchMap":{"0":{"loc":{"start":{"line":1,"column":25},"end":{"line":1,"column":33}},"type":"default-arg","locations":[{"start":{"line":1,"column":31},"end":{"line":1,"column":33}}],"line":1},"1":{"loc":{"start":{"line":1,"column":35},"end":{"line":1,"column":44}},"type":"default-arg","locations":[{"start":{"line":1,"column":42},"end":{"line":1,"column":44}}],"line":1},"2":{"loc":{"start":{"line":13,"column":29},"end":{"line":13,"column":37}},"type":"default-arg","locations":[{"start":{"line":13,"column":35},"end":{"line":13,"column":37}}],"line":13},"3":{"loc":{"start":{"line":13,"column":39},"end":{"line":13,"column":48}},"type":"default-arg","locations":[{"start":{"line":13,"column":46},"end":{"line":13,"column":48}}],"line":13}},"s":{"0":4,"1":0,"2":0,"3":4,"4":2,"5":0},"f":{"0":0,"1":0,"2":2,"3":0},"b":{"0":[0],"1":[0],"2":[0],"3":[0]},"_coverageSchema":"43e27e138ebf9cfc5966b082cf9a028302ed4184","hash":"c6a7f9408fb80d033a931157f5a7f601764c3495"}
,"C:\\Users\\logvinov_fv\\WebstormProjects\\boilerplate\\boilerplate\\packages\\app\\src\\utils\\testApiCall.js": {"path":"C:\\Users\\logvinov_fv\\WebstormProjects\\boilerplate\\boilerplate\\packages\\app\\src\\utils\\testApiCall.js","statementMap":{"0":{"start":{"line":4,"column":2},"end":{"line":10,"column":3}},"1":{"start":{"line":5,"column":21},"end":{"line":5,"column":37}},"2":{"start":{"line":6,"column":17},"end":{"line":6,"column":38}},"3":{"start":{"line":7,"column":4},"end":{"line":7,"column":15}},"4":{"start":{"line":9,"column":4},"end":{"line":9,"column":12}},"5":{"start":{"line":13,"column":0},"end":{"line":15,"column":1}}},"fnMap":{"0":{"name":"fetchApi","decl":{"start":{"line":3,"column":15},"end":{"line":3,"column":23}},"loc":{"start":{"line":3,"column":34},"end":{"line":11,"column":1}},"line":3}},"branchMap":{"0":{"loc":{"start":{"line":3,"column":24},"end":{"line":3,"column":32}},"type":"default-arg","locations":[{"start":{"line":3,"column":30},"end":{"line":3,"column":32}}],"line":3}},"s":{"0":4,"1":4,"2":4,"3":4,"4":0,"5":4},"f":{"0":4},"b":{"0":[0]},"_coverageSchema":"43e27e138ebf9cfc5966b082cf9a028302ed4184","hash":"58ef19095b6f93f03cdf4040713c7b4d3c1df03f"}
}
