TN:
SF:C:\Users\logvinov_fv\WebstormProjects\boilerplate\boilerplate\packages\app\src\components\comments\AddComment.js
FN:5,AddComment
FN:8,(anonymous_1)
FN:10,(anonymous_2)
FNF:3
FNH:3
FNDA:11,AddComment
FNDA:2,(anonymous_1)
FNDA:2,(anonymous_2)
DA:6,11
DA:8,11
DA:10,11
DA:11,2
DA:12,2
DA:14,11
DA:22,1
DA:29,1
LF:8
LH:8
BRF:0
BRH:0
end_of_record
TN:
SF:C:\Users\logvinov_fv\WebstormProjects\boilerplate\boilerplate\packages\app\src\components\comments\Comment.js
FN:6,Comment
FNF:1
FNH:1
FNDA:6,Comment
DA:7,6
DA:10,6
DA:30,1
DA:34,1
LF:4
LH:4
BRDA:12,0,0,5
BRDA:12,0,1,1
BRDA:12,1,0,6
BRDA:12,1,1,5
BRDA:12,1,2,5
BRF:5
BRH:5
end_of_record
TN:
SF:C:\Users\logvinov_fv\WebstormProjects\boilerplate\boilerplate\packages\app\src\components\comments\CommentsList.js
FN:6,CommentsList
FN:10,(anonymous_1)
FNF:2
FNH:2
FNDA:5,CommentsList
FNDA:1,(anonymous_1)
DA:7,5
DA:8,1
DA:11,1
DA:16,4
DA:20,1
DA:24,1
LF:6
LH:6
BRDA:7,0,0,1
BRDA:7,0,1,4
BRF:2
BRH:2
end_of_record
TN:
SF:C:\Users\logvinov_fv\WebstormProjects\boilerplate\boilerplate\packages\app\src\components\comments\comments-duck.js
FN:40,(anonymous_0)
FN:46,(anonymous_1)
FN:54,(anonymous_2)
FN:62,(anonymous_3)
FN:70,(anonymous_4)
FN:82,(anonymous_5)
FN:85,(anonymous_6)
FN:88,(anonymous_7)
FN:91,(anonymous_8)
FN:94,(anonymous_9)
FN:95,(anonymous_10)
FN:97,(anonymous_11)
FN:100,(anonymous_12)
FN:101,(anonymous_13)
FN:107,(anonymous_14)
FN:108,(anonymous_15)
FN:112,(anonymous_16)
FN:117,(anonymous_17)
FN:122,(anonymous_18)
FN:127,(anonymous_19)
FN:138,handleAddCommentToState
FN:144,handleSaveComments
FN:155,loadComments
FN:164,watchIncrements
FN:173,(anonymous_24)
FN:191,(anonymous_25)
FNF:26
FNH:9
FNDA:1,(anonymous_0)
FNDA:1,(anonymous_1)
FNDA:1,(anonymous_2)
FNDA:1,(anonymous_3)
FNDA:2,(anonymous_4)
FNDA:0,(anonymous_5)
FNDA:0,(anonymous_6)
FNDA:0,(anonymous_7)
FNDA:0,(anonymous_8)
FNDA:0,(anonymous_9)
FNDA:0,(anonymous_10)
FNDA:0,(anonymous_11)
FNDA:0,(anonymous_12)
FNDA:0,(anonymous_13)
FNDA:0,(anonymous_14)
FNDA:0,(anonymous_15)
FNDA:0,(anonymous_16)
FNDA:0,(anonymous_17)
FNDA:0,(anonymous_18)
FNDA:0,(anonymous_19)
FNDA:1,handleAddCommentToState
FNDA:2,handleSaveComments
FNDA:2,loadComments
FNDA:2,watchIncrements
FNDA:0,(anonymous_24)
FNDA:0,(anonymous_25)
DA:8,2
DA:9,2
DA:11,2
DA:18,2
DA:19,2
DA:20,2
DA:21,2
DA:22,2
DA:23,2
DA:24,2
DA:25,2
DA:27,2
DA:39,2
DA:41,1
DA:47,1
DA:55,1
DA:63,1
DA:71,2
DA:81,2
DA:82,0
DA:85,0
DA:88,0
DA:91,0
DA:94,0
DA:95,0
DA:97,0
DA:100,0
DA:101,0
DA:107,2
DA:108,2
DA:110,2
DA:112,0
DA:115,2
DA:117,0
DA:120,2
DA:122,0
DA:125,2
DA:127,0
DA:130,2
DA:139,1
DA:140,1
DA:141,1
DA:145,2
DA:147,2
DA:149,0
DA:156,2
DA:157,2
DA:168,2
DA:169,2
DA:170,2
DA:173,2
DA:174,0
DA:177,2
DA:191,0
LF:54
LH:38
BRDA:107,0,0,0
BRDA:107,0,1,0
BRDA:108,1,0,0
BRDA:108,1,1,0
BRDA:191,2,0,0
BRDA:193,3,0,0
BRDA:193,3,1,0
BRF:7
BRH:0
end_of_record
TN:
SF:C:\Users\logvinov_fv\WebstormProjects\boilerplate\boilerplate\packages\app\src\services\comments.js
FN:16,(anonymous_0)
FN:29,reducer
FNF:2
FNH:1
FNDA:2,(anonymous_0)
FNDA:0,reducer
DA:3,2
DA:5,2
DA:8,2
DA:10,2
DA:15,2
DA:17,2
DA:30,0
DA:32,0
DA:36,0
LF:9
LH:6
BRDA:29,0,0,0
BRDA:30,1,0,0
BRDA:30,1,1,0
BRDA:30,1,2,0
BRF:4
BRH:0
end_of_record
TN:
SF:C:\Users\logvinov_fv\WebstormProjects\boilerplate\boilerplate\packages\app\src\utils\hashTables.js
FN:1,(anonymous_0)
FN:14,(anonymous_1)
FN:26,(anonymous_2)
FNF:3
FNH:2
FNDA:0,(anonymous_0)
FNDA:1,(anonymous_1)
FNDA:6,(anonymous_2)
DA:1,2
DA:2,0
DA:3,0
DA:4,0
DA:5,0
DA:6,0
DA:8,0
DA:9,0
DA:10,0
DA:14,2
DA:15,1
DA:16,1
DA:17,1
DA:18,1
DA:19,1
DA:20,1
DA:21,1
DA:22,1
DA:23,1
DA:26,2
DA:27,6
DA:28,6
DA:29,6
DA:30,6
DA:31,6
DA:32,6
DA:33,6
DA:36,6
LF:28
LH:20
BRDA:4,0,0,0
BRDA:4,0,1,0
BRDA:30,1,0,6
BRDA:30,1,1,0
BRF:4
BRH:1
end_of_record
TN:
SF:C:\Users\logvinov_fv\WebstormProjects\boilerplate\boilerplate\packages\app\src\utils\noop.js
FN:1,(anonymous_0)
FNF:1
FNH:1
FNDA:1,(anonymous_0)
DA:2,1
LF:1
LH:1
BRF:0
BRH:0
end_of_record
TN:
SF:C:\Users\logvinov_fv\WebstormProjects\boilerplate\boilerplate\packages\app\src\utils\serverRequests.js
FN:1,(anonymous_0)
FN:10,(anonymous_1)
FN:13,(anonymous_2)
FN:22,(anonymous_3)
FNF:4
FNH:1
FNDA:0,(anonymous_0)
FNDA:0,(anonymous_1)
FNDA:2,(anonymous_2)
FNDA:0,(anonymous_3)
DA:1,2
DA:3,0
DA:10,0
DA:13,2
DA:15,2
DA:22,0
LF:6
LH:3
BRDA:1,0,0,0
BRDA:1,1,0,0
BRDA:13,2,0,0
BRDA:13,3,0,0
BRF:4
BRH:0
end_of_record
TN:
SF:C:\Users\logvinov_fv\WebstormProjects\boilerplate\boilerplate\packages\app\src\utils\testApiCall.js
FN:3,fetchApi
FNF:1
FNH:1
FNDA:2,fetchApi
DA:4,2
DA:5,2
DA:6,2
DA:7,2
DA:9,0
DA:13,2
LF:6
LH:5
BRDA:3,0,0,0
BRF:1
BRH:0
end_of_record
