TN:
SF:C:\Users\logvinov_fv\WebstormProjects\boilerplate\boilerplate\packages\app\src\components\comments\AddComment.js
FN:5,AddComment
FN:8,(anonymous_1)
FN:10,(anonymous_2)
FNF:3
FNH:3
FNDA:11,AddComment
FNDA:2,(anonymous_1)
FNDA:2,(anonymous_2)
DA:6,11
DA:8,11
DA:10,11
DA:11,2
DA:12,2
DA:14,11
DA:22,1
DA:29,1
LF:8
LH:8
BRF:0
BRH:0
end_of_record
TN:
SF:C:\Users\logvinov_fv\WebstormProjects\boilerplate\boilerplate\packages\app\src\components\comments\Comment.js
FN:6,Comment
FNF:1
FNH:1
FNDA:6,Comment
DA:7,6
DA:10,6
DA:30,1
DA:34,1
LF:4
LH:4
BRDA:12,0,0,5
BRDA:12,0,1,1
BRDA:12,1,0,6
BRDA:12,1,1,5
BRDA:12,1,2,5
BRF:5
BRH:5
end_of_record
TN:
SF:C:\Users\logvinov_fv\WebstormProjects\boilerplate\boilerplate\packages\app\src\components\comments\CommentsList.js
FN:6,CommentsList
FN:10,(anonymous_1)
FNF:2
FNH:2
FNDA:5,CommentsList
FNDA:1,(anonymous_1)
DA:7,5
DA:8,1
DA:11,1
DA:16,4
DA:20,1
DA:24,1
LF:6
LH:6
BRDA:7,0,0,1
BRDA:7,0,1,4
BRF:2
BRH:2
end_of_record
TN:
SF:C:\Users\logvinov_fv\WebstormProjects\boilerplate\boilerplate\packages\app\src\components\comments\comments-duck.js
FN:40,(anonymous_0)
FN:46,(anonymous_1)
FN:54,(anonymous_2)
FN:62,(anonymous_3)
FN:70,(anonymous_4)
FN:82,(anonymous_5)
FN:85,(anonymous_6)
FN:88,(anonymous_7)
FN:91,(anonymous_8)
FN:94,(anonymous_9)
FN:95,(anonymous_10)
FN:97,(anonymous_11)
FN:100,(anonymous_12)
FN:101,(anonymous_13)
FN:107,(anonymous_14)
FN:108,(anonymous_15)
FN:112,(anonymous_16)
FN:117,(anonymous_17)
FN:122,(anonymous_18)
FN:127,(anonymous_19)
FN:138,handleAddCommentToState
FN:144,handleSaveComments
FN:155,loadComments
FN:164,watchIncrements
FN:173,(anonymous_24)
FN:191,(anonymous_25)
FNF:26
FNH:9
FNDA:1,(anonymous_0)
FNDA:1,(anonymous_1)
FNDA:1,(anonymous_2)
FNDA:1,(anonymous_3)
FNDA:2,(anonymous_4)
FNDA:0,(anonymous_5)
FNDA:0,(anonymous_6)
FNDA:0,(anonymous_7)
FNDA:0,(anonymous_8)
FNDA:0,(anonymous_9)
FNDA:0,(anonymous_10)
FNDA:0,(anonymous_11)
FNDA:0,(anonymous_12)
FNDA:0,(anonymous_13)
FNDA:0,(anonymous_14)
FNDA:0,(anonymous_15)
FNDA:0,(anonymous_16)
FNDA:0,(anonymous_17)
FNDA:0,(anonymous_18)
FNDA:0,(anonymous_19)
FNDA:1,handleAddCommentToState
FNDA:2,handleSaveComments
FNDA:2,loadComments
FNDA:2,watchIncrements
FNDA:0,(anonymous_24)
FNDA:0,(anonymous_25)
DA:8,2
DA:9,2
DA:11,2
DA:18,2
DA:19,2
DA:20,2
DA:21,2
DA:22,2
DA:23,2
DA:24,2
DA:25,2
DA:27,2
DA:39,2
DA:41,1
DA:47,1
DA:55,1
DA:63,1
DA:71,2
DA:81,2
DA:82,0
DA:85,0
DA:88,0
DA:91,0
DA:94,0
DA:95,0
DA:97,0
DA:100,0
DA:101,0
DA:107,2
DA:108,2
DA:110,2
DA:112,0
DA:115,2
DA:117,0
DA:120,2
DA:122,0
DA:125,2
DA:127,0
DA:130,2
DA:139,1
DA:140,1
DA:141,1
DA:145,2
DA:147,2
DA:149,0
DA:156,2
DA:157,2
DA:168,2
DA:169,2
DA:170,2
DA:173,2
DA:174,0
DA:177,2
DA:191,0
LF:54
LH:38
BRDA:107,0,0,0
BRDA:107,0,1,0
BRDA:108,1,0,0
BRDA:108,1,1,0
BRDA:191,2,0,0
BRDA:193,3,0,0
BRDA:193,3,1,0
BRF:7
BRH:0
end_of_record
TN:
SF:C:\Users\logvinov_fv\WebstormProjects\boilerplate\boilerplate\packages\app\src\components\likes\Dislike.js
FN:7,Dislike
FNF:1
FNH:1
FNDA:4,Dislike
DA:8,4
DA:15,1
DA:19,1
LF:3
LH:3
BRF:0
BRH:0
end_of_record
TN:
SF:C:\Users\logvinov_fv\WebstormProjects\boilerplate\boilerplate\packages\app\src\components\likes\Like.js
FN:7,Like
FNF:1
FNH:1
FNDA:4,Like
DA:8,4
DA:15,1
DA:19,1
LF:3
LH:3
BRF:0
BRH:0
end_of_record
TN:
SF:C:\Users\logvinov_fv\WebstormProjects\boilerplate\boilerplate\packages\app\src\components\likes\Likes.js
FN:12,(anonymous_0)
FN:13,(anonymous_1)
FN:13,(anonymous_2)
FN:16,(anonymous_3)
FN:16,(anonymous_4)
FN:32,Likes
FN:36,(anonymous_6)
FN:37,(anonymous_7)
FNF:8
FNH:3
FNDA:3,(anonymous_0)
FNDA:3,(anonymous_1)
FNDA:0,(anonymous_2)
FNDA:3,(anonymous_3)
FNDA:0,(anonymous_4)
FNDA:0,Likes
FNDA:0,(anonymous_6)
FNDA:0,(anonymous_7)
DA:12,1
DA:13,3
DA:14,0
DA:16,3
DA:17,0
DA:19,3
DA:20,3
DA:21,3
DA:33,0
DA:35,0
DA:36,0
DA:37,0
DA:46,0
DA:49,1
DA:56,1
LF:15
LH:8
BRDA:19,0,0,3
BRDA:19,0,1,3
BRDA:20,1,0,3
BRDA:20,1,1,3
BRDA:24,2,0,3
BRDA:24,2,1,3
BRDA:25,3,0,3
BRDA:25,3,1,3
BRF:8
BRH:8
end_of_record
TN:
SF:C:\Users\logvinov_fv\WebstormProjects\boilerplate\boilerplate\packages\app\src\components\likes\LikesAmnt.js
FN:5,LikesAmnt
FNF:1
FNH:1
FNDA:3,LikesAmnt
DA:6,3
DA:13,1
DA:17,1
LF:3
LH:3
BRF:0
BRH:0
end_of_record
TN:
SF:C:\Users\logvinov_fv\WebstormProjects\boilerplate\boilerplate\packages\app\src\components\likes\likes-duck.js
FN:34,(anonymous_0)
FN:40,(anonymous_1)
FN:50,(anonymous_2)
FN:53,(anonymous_3)
FN:56,(anonymous_4)
FN:63,(anonymous_5)
FN:64,(anonymous_6)
FN:68,(anonymous_7)
FN:73,(anonymous_8)
FN:84,handleIncrement
FN:90,handleDecrement
FN:96,handleSave
FN:108,loadLikes
FN:117,watchIncrements
FN:127,(anonymous_14)
FN:143,(anonymous_15)
FNF:16
FNH:3
FNDA:1,(anonymous_0)
FNDA:1,(anonymous_1)
FNDA:0,(anonymous_2)
FNDA:0,(anonymous_3)
FNDA:0,(anonymous_4)
FNDA:0,(anonymous_5)
FNDA:0,(anonymous_6)
FNDA:0,(anonymous_7)
FNDA:0,(anonymous_8)
FNDA:0,handleIncrement
FNDA:0,handleDecrement
FNDA:0,handleSave
FNDA:1,loadLikes
FNDA:0,watchIncrements
FNDA:0,(anonymous_14)
FNDA:0,(anonymous_15)
DA:8,2
DA:9,2
DA:11,2
DA:16,2
DA:17,2
DA:18,2
DA:19,2
DA:20,2
DA:21,2
DA:23,2
DA:33,2
DA:35,1
DA:41,1
DA:49,2
DA:50,0
DA:53,0
DA:56,0
DA:63,2
DA:64,2
DA:66,2
DA:68,0
DA:71,2
DA:73,0
DA:76,2
DA:85,0
DA:86,0
DA:91,0
DA:92,0
DA:97,0
DA:99,0
DA:101,0
DA:109,1
DA:110,1
DA:121,0
DA:122,0
DA:123,0
DA:124,0
DA:127,2
DA:128,0
DA:130,2
DA:143,0
LF:41
LH:23
BRDA:63,0,0,0
BRDA:63,0,1,0
BRDA:64,1,0,0
BRDA:64,1,1,0
BRDA:143,2,0,0
BRDA:145,3,0,0
BRDA:145,3,1,0
BRF:7
BRH:0
end_of_record
TN:
SF:C:\Users\logvinov_fv\WebstormProjects\boilerplate\boilerplate\packages\app\src\services\comments.js
FN:16,(anonymous_0)
FN:29,reducer
FNF:2
FNH:1
FNDA:2,(anonymous_0)
FNDA:0,reducer
DA:3,2
DA:5,2
DA:8,2
DA:10,2
DA:15,2
DA:17,2
DA:30,0
DA:32,0
DA:36,0
LF:9
LH:6
BRDA:29,0,0,0
BRDA:30,1,0,0
BRDA:30,1,1,0
BRDA:30,1,2,0
BRF:4
BRH:0
end_of_record
TN:
SF:C:\Users\logvinov_fv\WebstormProjects\boilerplate\boilerplate\packages\app\src\services\likes.js
FN:16,(anonymous_0)
FN:29,reducer
FNF:2
FNH:1
FNDA:1,(anonymous_0)
FNDA:0,reducer
DA:3,2
DA:5,2
DA:8,2
DA:10,2
DA:15,2
DA:17,1
DA:30,0
DA:32,0
DA:36,0
LF:9
LH:6
BRDA:29,0,0,0
BRDA:30,1,0,0
BRDA:30,1,1,0
BRDA:30,1,2,0
BRF:4
BRH:0
end_of_record
TN:
SF:C:\Users\logvinov_fv\WebstormProjects\boilerplate\boilerplate\packages\app\src\utils\hashTables.js
FN:1,(anonymous_0)
FN:15,(anonymous_1)
FN:27,(anonymous_2)
FNF:3
FNH:2
FNDA:0,(anonymous_0)
FNDA:1,(anonymous_1)
FNDA:11,(anonymous_2)
DA:1,4
DA:2,0
DA:3,0
DA:4,0
DA:5,0
DA:6,0
DA:7,0
DA:9,0
DA:10,0
DA:11,0
DA:15,4
DA:16,1
DA:17,1
DA:18,1
DA:19,1
DA:20,1
DA:21,1
DA:22,1
DA:23,1
DA:24,1
DA:27,4
DA:28,11
DA:29,11
DA:30,11
DA:31,11
DA:32,11
DA:33,11
DA:34,11
DA:37,11
LF:29
LH:20
BRDA:5,0,0,0
BRDA:5,0,1,0
BRDA:31,1,0,11
BRDA:31,1,1,0
BRF:4
BRH:1
end_of_record
TN:
SF:C:\Users\logvinov_fv\WebstormProjects\boilerplate\boilerplate\packages\app\src\utils\noop.js
FN:1,(anonymous_0)
FNF:1
FNH:1
FNDA:1,(anonymous_0)
DA:2,1
LF:1
LH:1
BRF:0
BRH:0
end_of_record
TN:
SF:C:\Users\logvinov_fv\WebstormProjects\boilerplate\boilerplate\packages\app\src\utils\serverRequests.js
FN:1,(anonymous_0)
FN:10,(anonymous_1)
FN:13,(anonymous_2)
FN:22,(anonymous_3)
FNF:4
FNH:1
FNDA:0,(anonymous_0)
FNDA:0,(anonymous_1)
FNDA:2,(anonymous_2)
FNDA:0,(anonymous_3)
DA:1,4
DA:3,0
DA:10,0
DA:13,4
DA:15,2
DA:22,0
LF:6
LH:3
BRDA:1,0,0,0
BRDA:1,1,0,0
BRDA:13,2,0,0
BRDA:13,3,0,0
BRF:4
BRH:0
end_of_record
TN:
SF:C:\Users\logvinov_fv\WebstormProjects\boilerplate\boilerplate\packages\app\src\utils\testApiCall.js
FN:3,fetchApi
FNF:1
FNH:1
FNDA:4,fetchApi
DA:4,4
DA:5,4
DA:6,4
DA:7,4
DA:9,0
DA:13,4
LF:6
LH:5
BRDA:3,0,0,0
BRF:1
BRH:0
end_of_record
